<?xml version="1.0" encoding="UTF-8" standalone="no"?>
<testsuite failures="0" name="cucumber.runtime.formatter.JUnitFormatter" skipped="0" tests="1" time="53.475714">
<testcase classname="Amazon online shopping feature" name="To verify login functionality" time="53.475714">
<system-out><![CDATA[Given Open chrome browser...................................................passed
When Enter url "https://www.amazon.in/".....................................passed
And Click on Sign in option.................................................passed
And Enter registered email and password.....................................passed
Then User should be on homepage of Application..............................passed
]]></system-out>
</testcase>
</testsuite>
